1739476718633	geckodriver	INFO	Listening on 127.0.0.1:51108
1739476721863	mozrunner::runner	INFO	Running command: "C:\\Users\\NANABODEY\\.cache\\selenium\\firefox\\win64\\135.0\\firefox.exe" "--marionette" "--remote-debugg ... "--remote-allow-hosts" "localhost" "-no-remote" "-profile" "C:\\Users\\NANABO~1\\AppData\\Local\\Temp\\rust_mozprofileM0MmzX"
console.warn: services.settings: Ignoring preference override of remote settings server
console.warn: services.settings: Allow by setting MOZ_REMOTE_SETTINGS_DEVTOOLS=1 in the environment
Dynamically enable window occlusion 0
1739476725733	Marionette	INFO	Marionette enabled
1739476726314	Marionette	INFO	Listening on port 51127
WebDriver BiDi listening on ws://127.0.0.1:51109
Read port: 51127
1739476726747	RemoteAgent	WARN	TLS certificate errors will be ignored for this session
[GFX1-]: Failed to create a D3D11 content device: 0x887a0004
DevTools listening on ws://127.0.0.1:51109/devtools/browser/09ba3fd2-02da-461f-9a2e-011b6667951c
JavaScript error: , line 0: NS_ERROR_FAILURE
1739476798033	Marionette	INFO	Stopped listening on port 51127
Dynamically enable window occlusion 1
!!! error running onStopped callback: TypeError: callback is not a function
JavaScript error: chrome://remote/content/marionette/cert.sys.mjs, line 47: NS_ERROR_NOT_AVAILABLE: Component returned failure code: 0x80040111 (NS_ERROR_NOT_AVAILABLE) [nsICertOverrideService.setDisableAllSecurityChecksAndLetAttackersInterceptMyData]
console.error: (new Error("Data is not ready.", "resource://gre/modules/JSONFile.sys.mjs", 170))
1739476798928	WebDriver BiDi	ERROR	Failed to stop protocol: [Exception... "Component returned failure code: 0x80040111 (NS_ERROR_NOT_AVAILABLE) [nsICertOverrideService.setDisableAllSecurityChecksAndLetAttackersInterceptMyData]"  nsresult: "0x80040111 (NS_ERROR_NOT_AVAILABLE)"  location: "JS frame :: chrome://remote/content/marionette/cert.sys.mjs :: allowAllCerts.disable :: line 47"  data: no] Stack trace: allowAllCerts.disable()@cert.sys.mjs:47
destroy()@Session.sys.mjs:280
deleteSession()@WebDriverBiDi.sys.mjs:174
stop()@WebDriverBiDi.sys.mjs:264
observe()@resource://gre/modules/AsyncShutdown.sys.mjs:569
console.error: "TelemetryScheduler.shutdown - Already shut down"
