1739476768305	geckodriver	INFO	Listening on 127.0.0.1:51220
1739476772228	mozrunner::runner	INFO	Running command: "C:\\Users\\NANABODEY\\.cache\\selenium\\firefox\\win64\\135.0\\firefox.exe" "--marionette" "--remote-debugg ... "--remote-allow-hosts" "localhost" "-no-remote" "-profile" "C:\\Users\\NANABO~1\\AppData\\Local\\Temp\\rust_mozprofileSV79hg"
console.warn: services.settings: Ignoring preference override of remote settings server
console.warn: services.settings: Allow by setting MOZ_REMOTE_SETTINGS_DEVTOOLS=1 in the environment
Dynamically enable window occlusion 0
1739476774549	Marionette	INFO	Marionette enabled
1739476775126	Marionette	INFO	Listening on port 51240
WebDriver BiDi listening on ws://127.0.0.1:51221
Read port: 51240
1739476775746	RemoteAgent	WARN	TLS certificate errors will be ignored for this session
[GFX1-]: Failed to create a D3D11 content device: 0x887a0004
DevTools listening on ws://127.0.0.1:51221/devtools/browser/b866d103-d88a-45dc-8ad3-5f6cb5e2321c
1739476796706	Marionette	INFO	Stopped listening on port 51240
Dynamically enable window occlusion 1
!!! error running onStopped callback: TypeError: callback is not a function
1739476797141	WebDriver BiDi	ERROR	Failed to stop protocol: [Exception... "Component returned failure code: 0x80040111 (NS_ERROR_NOT_AVAILABLE) [nsICertOverrideService.setDisableAllSecurityChecksAndLetAttackersInterceptMyData]"  nsresult: "0x80040111 (NS_ERROR_NOT_AVAILABLE)"  location: "JS frame :: chrome://remote/content/marionette/cert.sys.mjs :: allowAllCerts.disable :: line 47"  data: no] Stack trace: allowAllCerts.disable()@cert.sys.mjs:47
destroy()@Session.sys.mjs:280
deleteSession()@WebDriverBiDi.sys.mjs:174
stop()@WebDriverBiDi.sys.mjs:264
JavaScript error: chrome://remote/content/marionette/cert.sys.mjs, line 47: NS_ERROR_NOT_AVAILABLE: Component returned failure code: 0x80040111 (NS_ERROR_NOT_AVAILABLE) [nsICertOverrideService.setDisableAllSecurityChecksAndLetAttackersInterceptMyData]
console.error: "TelemetryScheduler.shutdown - Already shut down"
JavaScript error: resource://gre/modules/AsyncShutdown.sys.mjs, line 569: NS_ERROR_FAILURE
