1739477029836	geckodriver	INFO	Listening on 127.0.0.1:51477
1739477032897	mozrunner::runner	INFO	Running command: "C:\\Users\\NANABODEY\\.cache\\selenium\\firefox\\win64\\135.0\\firefox.exe" "--marionette" "--remote-debugg ... "--remote-allow-hosts" "localhost" "-no-remote" "-profile" "C:\\Users\\NANABO~1\\AppData\\Local\\Temp\\rust_mozprofileDCKzad"
console.warn: services.settings: Ignoring preference override of remote settings server
console.warn: services.settings: Allow by setting MOZ_REMOTE_SETTINGS_DEVTOOLS=1 in the environment
Dynamically enable window occlusion 0
1739477034775	Marionette	INFO	Marionette enabled
1739477035403	Marionette	INFO	Listening on port 51488
Read port: 51488
WebDriver BiDi listening on ws://127.0.0.1:51478
1739477035640	RemoteAgent	WARN	TLS certificate errors will be ignored for this session
[GFX1-]: Failed to create a D3D11 content device: 0x887a0004
DevTools listening on ws://127.0.0.1:51478/devtools/browser/9ac46a4c-f028-4f53-b989-88aefd6458aa
console.warn: LoginRecipes: "Falling back to a synchronous message for: https://parabank.parasoft.com."
console.warn: LoginRecipes: "Falling back to a synchronous message for: https://parabank.parasoft.com."
console.error: ({})
1739477086075	Marionette	INFO	Stopped listening on port 51488
Dynamically enable window occlusion 1
!!! error running onStopped callback: TypeError: callback is not a function
console.error: (new Error("Data is not ready.", "resource://gre/modules/JSONFile.sys.mjs", 170))
console.error: "TelemetryScheduler.shutdown - Already shut down"
JavaScript error: resource://gre/modules/AsyncShutdown.sys.mjs, line 569: NS_ERROR_FAILURE
